<?xml version="1.0" encoding="UTF-8"?>
<!-- Generated by org.testng.reporters.JUnitReportReporter -->
<testsuite hostname="DESKTOP-162LP8P" failures="0" tests="1" name="com.openCart.testcase.TC_Login_001" time="9.304" errors="0" timestamp="2021-01-30T23:55:16 BDT" skipped="0">
  <testcase classname="com.openCart.testcase.TC_Login_001" name="loginTest" time="9.304"/>
  <system-out/>
</testsuite> <!-- com.openCart.testcase.TC_Login_001 -->
